<?xml version="1.0" encoding="UTF-8"?>
<testng-results ignored="0" total="1" passed="1" failed="0" skipped="0">
  <reporter-output>
  </reporter-output>
  <suite started-at="2022-08-20T00:23:03 WIB" name="Default suite" finished-at="2022-08-20T00:23:38 WIB" duration-ms="34964">
    <groups>
    </groups>
    <test started-at="2022-08-20T00:23:03 WIB" name="Default test" finished-at="2022-08-20T00:23:38 WIB" duration-ms="34964">
      <class name="com.shop.demoqa.test.TestWishListFeature">
        <test-method is-config="true" signature="setup()[pri:0, instance:com.shop.demoqa.test.TestWishListFeature@d5b810e]" started-at="2022-08-20T00:23:03 WIB" name="setup" finished-at="2022-08-20T00:23:18 WIB" duration-ms="15139" status="PASS">
          <reporter-output>
          </reporter-output>
        </test-method> <!-- setup -->
        <test-method is-config="true" signature="pageObject()[pri:0, instance:com.shop.demoqa.test.TestWishListFeature@d5b810e]" started-at="2022-08-20T00:23:18 WIB" name="pageObject" finished-at="2022-08-20T00:23:18 WIB" duration-ms="13" status="PASS">
          <reporter-output>
          </reporter-output>
        </test-method> <!-- pageObject -->
        <test-method signature="addAndCheck()[pri:0, instance:com.shop.demoqa.test.TestWishListFeature@d5b810e]" started-at="2022-08-20T00:23:18 WIB" name="addAndCheck" finished-at="2022-08-20T00:23:33 WIB" duration-ms="14580" status="PASS">
          <reporter-output>
          </reporter-output>
        </test-method> <!-- addAndCheck -->
        <test-method is-config="true" signature="closeBrowser()[pri:0, instance:com.shop.demoqa.test.TestWishListFeature@d5b810e]" started-at="2022-08-20T00:23:33 WIB" name="closeBrowser" finished-at="2022-08-20T00:23:38 WIB" duration-ms="5195" status="PASS">
          <reporter-output>
          </reporter-output>
        </test-method> <!-- closeBrowser -->
      </class> <!-- com.shop.demoqa.test.TestWishListFeature -->
    </test> <!-- Default test -->
  </suite> <!-- Default suite -->
</testng-results>
